2025-11-10 22:46:45 - === NEW REQUEST STARTED ===
2025-11-10 22:46:45 - Request method: POST
2025-11-10 22:46:45 - POST data: {"tool":"threat_modeling","system_data":"{\"name\":\"Test System\",\"type\":\"web_application\",\"components\":[{\"name\":\"Web Server\",\"type\":\"web_server\",\"sensitivity\":\"medium\"},{\"name\":\"Database\",\"type\":\"database\",\"sensitivity\":\"high\"}],\"data_flows\":[{\"source\":\"Web Server\",\"destination\":\"Database\",\"protocol\":\"HTTPS\"}],\"methodologies\":[\"stride\"],\"frameworks\":[\"owasp\"]}"}
2025-11-10 22:46:45 - Threat modeling request detected
2025-11-10 22:46:45 - System data parsed successfully
2025-11-10 22:46:45 - System name: Test System
2025-11-10 22:46:45 - Component count: 2
2025-11-10 22:46:45 - Sending mock response
2025-11-10 22:46:45 - === REQUEST COMPLETED ===

2025-11-10 22:47:24 - === NEW REQUEST STARTED ===
2025-11-10 22:47:24 - Request method: POST
2025-11-10 22:47:24 - POST data: {"tool":"threat_modeling","system_data":"{\"name\":\"Test System\",\"type\":\"web_application\",\"components\":[{\"name\":\"Web Server\",\"type\":\"web_server\",\"sensitivity\":\"medium\"},{\"name\":\"Database\",\"type\":\"database\",\"sensitivity\":\"high\"}],\"data_flows\":[{\"source\":\"Web Server\",\"destination\":\"Database\",\"protocol\":\"HTTPS\"}],\"methodologies\":[\"stride\"],\"frameworks\":[\"owasp\"]}"}
2025-11-10 22:47:24 - Threat modeling request detected
2025-11-10 22:47:24 - System data parsed successfully
2025-11-10 22:47:24 - System name: Test System
2025-11-10 22:47:24 - Component count: 2
2025-11-10 22:47:24 - Sending mock response
2025-11-10 22:47:24 - === REQUEST COMPLETED ===

2025-11-10 22:47:25 - === NEW REQUEST STARTED ===
2025-11-10 22:47:25 - Request method: POST
2025-11-10 22:47:25 - POST data: {"tool":"threat_modeling","system_data":"{\"name\":\"Test System\",\"type\":\"web_application\",\"components\":[{\"name\":\"Web Server\",\"type\":\"web_server\",\"sensitivity\":\"medium\"},{\"name\":\"Database\",\"type\":\"database\",\"sensitivity\":\"high\"}],\"data_flows\":[{\"source\":\"Web Server\",\"destination\":\"Database\",\"protocol\":\"HTTPS\"}],\"methodologies\":[\"stride\"],\"frameworks\":[\"owasp\"]}"}
2025-11-10 22:47:25 - Threat modeling request detected
2025-11-10 22:47:25 - System data parsed successfully
2025-11-10 22:47:25 - System name: Test System
2025-11-10 22:47:25 - Component count: 2
2025-11-10 22:47:25 - Sending mock response
2025-11-10 22:47:25 - === REQUEST COMPLETED ===

2025-11-10 22:47:28 - === NEW REQUEST STARTED ===
2025-11-10 22:47:28 - Request method: POST
2025-11-10 22:47:28 - POST data: {"tool":"threat_modeling","system_data":"{\"name\":\"Test System\",\"type\":\"web_application\",\"components\":[{\"name\":\"Web Server\",\"type\":\"web_server\",\"sensitivity\":\"medium\"},{\"name\":\"Database\",\"type\":\"database\",\"sensitivity\":\"high\"}],\"data_flows\":[{\"source\":\"Web Server\",\"destination\":\"Database\",\"protocol\":\"HTTPS\"}],\"methodologies\":[\"stride\"],\"frameworks\":[\"owasp\"]}"}
2025-11-10 22:47:28 - Threat modeling request detected
2025-11-10 22:47:28 - System data parsed successfully
2025-11-10 22:47:28 - System name: Test System
2025-11-10 22:47:28 - Component count: 2
2025-11-10 22:47:28 - Sending mock response
2025-11-10 22:47:28 - === REQUEST COMPLETED ===

